12:39:36.830 debug: 2026/4/11 12:39:36
12:39:36.830 debug: Project: D:\cocos_zml\zml-cocos2d-games\zml-cocos2d-Hop
12:39:36.830 debug: Targets: editor,preview
12:39:36.835 debug: Incremental file seems great.
12:39:36.836 debug: Engine path: D:\cocos_editor\Creator\3.8.8\resources\resources\3d\engine
12:39:36.852 debug: Initializing target [Editor]
12:39:36.852 debug: Loading cache
12:39:36.854 debug: Loading cache costs 1.8986999999997352ms.
12:39:36.855 debug: Engine features shipped in editor: base,gfx-webgl,gfx-webgl2,gfx-empty,gfx-webgpu,3d,animation,skeletal-animation,2d,rich-text,mask,graphics,ui-skew,ui,affine-transform,sorting-2d,particle,particle-2d,physics-framework,physics-cannon,physics-physx,physics-ammo,physics-builtin,physics-2d-framework,physics-2d-box2d-jsb,physics-2d-box2d,physics-2d-builtin,physics-2d-box2d-wasm,intersection-2d,primitive,profiler,occlusion-query,geometry-renderer,debug-renderer,audio,video,xr,light-probe,terrain,webview,tween,tiled-map,vendor-google,spine-3.8,spine-4.2,dragon-bones,marionette,procedural-animation,custom-pipeline,custom-pipeline-builtin-scripts,custom-pipeline-post-process,legacy-pipeline,websocket,websocket-server,meshopt
12:39:36.855 debug: Our import map(foo:/bar): {
  "imports": {
    "cc": "cce:/internal/x/cc"
  }
}
12:39:36.855 debug: Initializing target [Preview]
12:39:36.855 debug: Loading cache
12:39:36.857 debug: Loading cache costs 1.1613999999999578ms.
12:39:36.857 debug: Our import map(foo:/bar): {
  "imports": {
    "cc": "cce:/internal/x/cc"
  }
}
12:39:36.893 debug: Sync engine features: 2d,affine-transform,animation,audio,base,custom-pipeline,dragon-bones,gfx-webgl,gfx-webgl2,graphics,intersection-2d,mask,particle-2d,physics-2d-box2d,profiler,rich-text,spine-3.8,tiled-map,tween,ui,video,webview
12:39:36.897 debug: Reset databases. Enumerated domains: [
  {
    "root": "db://internal/",
    "physical": "D:\\cocos_editor\\Creator\\3.8.8\\resources\\resources\\3d\\engine\\editor\\assets"
  },
  {
    "root": "db://assets/",
    "physical": "D:\\cocos_zml\\zml-cocos2d-games\\zml-cocos2d-Hop\\assets"
  }
]
12:39:36.897 debug: Our import map(foo:/bar): {
  "imports": {
    "cc": "cce:/internal/x/cc",
    "db://internal/": "file:///D:/cocos_editor/Creator/3.8.8/resources/resources/3d/engine/editor/assets/",
    "db://assets/": "file:///D:/cocos_zml/zml-cocos2d-games/zml-cocos2d-Hop/assets/"
  }
}
12:39:36.898 debug: Our import map(foo:/bar): {
  "imports": {
    "cc": "cce:/internal/x/cc",
    "db://internal/": "file:///D:/cocos_editor/Creator/3.8.8/resources/resources/3d/engine/editor/assets/",
    "db://assets/": "file:///D:/cocos_zml/zml-cocos2d-games/zml-cocos2d-Hop/assets/"
  }
}
12:39:36.899 debug: Pulling asset-db.
12:39:36.903 debug: Fetch asset-db cost: 4.0931000000000495ms.
12:39:36.904 debug: Build iteration starts.
Number of accumulated asset changes: 8
Feature changed: false
12:39:36.905 debug: Target(editor) build started.
12:39:36.909 debug: Detected change: cce:/internal/x/cc. Last mtime: Thu Jan 01 1970 08:00:08 GMT+0800 (中国标准时间), Current mtime: Thu Jan 01 1970 08:00:07 GMT+0800 (中国标准时间)
12:39:36.909 debug: Inspect cce:/internal/x/cc
12:39:36.983 debug: transform url: 'cce:/internal/x/cc' costs: 74.20 ms
12:39:36.986 debug: Resolve cce:/internal/x/cc-fu/base from cce:/internal/x/cc as external dependency cce:/internal/x/cc-fu/base.
12:39:36.986 debug: Resolve cce:/internal/x/cc-fu/gfx-webgl from cce:/internal/x/cc as external dependency cce:/internal/x/cc-fu/gfx-webgl.
12:39:36.986 debug: Resolve cce:/internal/x/cc-fu/gfx-webgl2 from cce:/internal/x/cc as external dependency cce:/internal/x/cc-fu/gfx-webgl2.
12:39:36.986 debug: Resolve cce:/internal/x/cc-fu/gfx-empty from cce:/internal/x/cc as external dependency cce:/internal/x/cc-fu/gfx-empty.
12:39:36.986 debug: Resolve cce:/internal/x/cc-fu/gfx-webgpu from cce:/internal/x/cc as external dependency cce:/internal/x/cc-fu/gfx-webgpu.
12:39:36.986 debug: Resolve cce:/internal/x/cc-fu/3d from cce:/internal/x/cc as external dependency cce:/internal/x/cc-fu/3d.
12:39:36.986 debug: Resolve cce:/internal/x/cc-fu/animation from cce:/internal/x/cc as external dependency cce:/internal/x/cc-fu/animation.
12:39:36.986 debug: Resolve cce:/internal/x/cc-fu/skeletal-animation from cce:/internal/x/cc as external dependency cce:/internal/x/cc-fu/skeletal-animation.
12:39:36.986 debug: Resolve cce:/internal/x/cc-fu/2d from cce:/internal/x/cc as external dependency cce:/internal/x/cc-fu/2d.
12:39:36.986 debug: Resolve cce:/internal/x/cc-fu/sorting from cce:/internal/x/cc as external dependency cce:/internal/x/cc-fu/sorting.
12:39:36.986 debug: Resolve cce:/internal/x/cc-fu/rich-text from cce:/internal/x/cc as external dependency cce:/internal/x/cc-fu/rich-text.
12:39:36.986 debug: Resolve cce:/internal/x/cc-fu/mask from cce:/internal/x/cc as external dependency cce:/internal/x/cc-fu/mask.
12:39:36.986 debug: Resolve cce:/internal/x/cc-fu/graphics from cce:/internal/x/cc as external dependency cce:/internal/x/cc-fu/graphics.
12:39:36.986 debug: Resolve cce:/internal/x/cc-fu/ui-skew from cce:/internal/x/cc as external dependency cce:/internal/x/cc-fu/ui-skew.
12:39:36.986 debug: Resolve cce:/internal/x/cc-fu/ui from cce:/internal/x/cc as external dependency cce:/internal/x/cc-fu/ui.
12:39:36.987 debug: Resolve cce:/internal/x/cc-fu/affine-transform from cce:/internal/x/cc as external dependency cce:/internal/x/cc-fu/affine-transform.
12:39:36.987 debug: Resolve cce:/internal/x/cc-fu/sorting-2d from cce:/internal/x/cc as external dependency cce:/internal/x/cc-fu/sorting-2d.
12:39:36.987 debug: Resolve cce:/internal/x/cc-fu/particle from cce:/internal/x/cc as external dependency cce:/internal/x/cc-fu/particle.
12:39:36.987 debug: Resolve cce:/internal/x/cc-fu/particle-2d from cce:/internal/x/cc as external dependency cce:/internal/x/cc-fu/particle-2d.
12:39:36.987 debug: Resolve cce:/internal/x/cc-fu/physics-framework from cce:/internal/x/cc as external dependency cce:/internal/x/cc-fu/physics-framework.
12:39:36.987 debug: Resolve cce:/internal/x/cc-fu/physics-cannon from cce:/internal/x/cc as external dependency cce:/internal/x/cc-fu/physics-cannon.
12:39:36.987 debug: Resolve cce:/internal/x/cc-fu/physics-physx from cce:/internal/x/cc as external dependency cce:/internal/x/cc-fu/physics-physx.
12:39:36.987 debug: Resolve cce:/internal/x/cc-fu/physics-ammo from cce:/internal/x/cc as external dependency cce:/internal/x/cc-fu/physics-ammo.
12:39:36.987 debug: Resolve cce:/internal/x/cc-fu/physics-builtin from cce:/internal/x/cc as external dependency cce:/internal/x/cc-fu/physics-builtin.
12:39:36.987 debug: Resolve cce:/internal/x/cc-fu/physics-2d-framework from cce:/internal/x/cc as external dependency cce:/internal/x/cc-fu/physics-2d-framework.
12:39:36.987 debug: Resolve cce:/internal/x/cc-fu/physics-2d-box2d-jsb from cce:/internal/x/cc as external dependency cce:/internal/x/cc-fu/physics-2d-box2d-jsb.
12:39:36.987 debug: Resolve cce:/internal/x/cc-fu/physics-2d-box2d from cce:/internal/x/cc as external dependency cce:/internal/x/cc-fu/physics-2d-box2d.
12:39:36.987 debug: Resolve cce:/internal/x/cc-fu/physics-2d-builtin from cce:/internal/x/cc as external dependency cce:/internal/x/cc-fu/physics-2d-builtin.
12:39:36.987 debug: Resolve cce:/internal/x/cc-fu/physics-2d-box2d-wasm from cce:/internal/x/cc as external dependency cce:/internal/x/cc-fu/physics-2d-box2d-wasm.
12:39:36.987 debug: Resolve cce:/internal/x/cc-fu/intersection-2d from cce:/internal/x/cc as external dependency cce:/internal/x/cc-fu/intersection-2d.
12:39:36.987 debug: Resolve cce:/internal/x/cc-fu/primitive from cce:/internal/x/cc as external dependency cce:/internal/x/cc-fu/primitive.
12:39:36.987 debug: Resolve cce:/internal/x/cc-fu/profiler from cce:/internal/x/cc as external dependency cce:/internal/x/cc-fu/profiler.
12:39:36.987 debug: Resolve cce:/internal/x/cc-fu/geometry-renderer from cce:/internal/x/cc as external dependency cce:/internal/x/cc-fu/geometry-renderer.
12:39:36.987 debug: Resolve cce:/internal/x/cc-fu/audio from cce:/internal/x/cc as external dependency cce:/internal/x/cc-fu/audio.
12:39:36.987 debug: Resolve cce:/internal/x/cc-fu/video from cce:/internal/x/cc as external dependency cce:/internal/x/cc-fu/video.
12:39:36.987 debug: Resolve cce:/internal/x/cc-fu/xr from cce:/internal/x/cc as external dependency cce:/internal/x/cc-fu/xr.
12:39:36.987 debug: Resolve cce:/internal/x/cc-fu/light-probe from cce:/internal/x/cc as external dependency cce:/internal/x/cc-fu/light-probe.
12:39:36.987 debug: Resolve cce:/internal/x/cc-fu/terrain from cce:/internal/x/cc as external dependency cce:/internal/x/cc-fu/terrain.
12:39:36.987 debug: Resolve cce:/internal/x/cc-fu/webview from cce:/internal/x/cc as external dependency cce:/internal/x/cc-fu/webview.
12:39:36.987 debug: Resolve cce:/internal/x/cc-fu/tween from cce:/internal/x/cc as external dependency cce:/internal/x/cc-fu/tween.
12:39:36.987 debug: Resolve cce:/internal/x/cc-fu/tiled-map from cce:/internal/x/cc as external dependency cce:/internal/x/cc-fu/tiled-map.
12:39:36.987 debug: Resolve cce:/internal/x/cc-fu/vendor-google from cce:/internal/x/cc as external dependency cce:/internal/x/cc-fu/vendor-google.
12:39:36.988 debug: Resolve cce:/internal/x/cc-fu/spine from cce:/internal/x/cc as external dependency cce:/internal/x/cc-fu/spine.
12:39:36.988 debug: Resolve cce:/internal/x/cc-fu/dragon-bones from cce:/internal/x/cc as external dependency cce:/internal/x/cc-fu/dragon-bones.
12:39:36.989 debug: Resolve cce:/internal/x/cc-fu/custom-pipeline from cce:/internal/x/cc as external dependency cce:/internal/x/cc-fu/custom-pipeline.
12:39:36.989 debug: Resolve cce:/internal/x/cc-fu/custom-pipeline-post-process from cce:/internal/x/cc as external dependency cce:/internal/x/cc-fu/custom-pipeline-post-process.
12:39:36.989 debug: Resolve cce:/internal/x/cc-fu/legacy-pipeline from cce:/internal/x/cc as external dependency cce:/internal/x/cc-fu/legacy-pipeline.
12:39:36.989 debug: Detected change: cce:/internal/x/prerequisite-imports. Last mtime: Thu Jan 01 1970 08:00:10 GMT+0800 (中国标准时间), Current mtime: Thu Jan 01 1970 08:00:07 GMT+0800 (中国标准时间)
12:39:36.989 debug: Inspect cce:/internal/x/prerequisite-imports
12:39:37.013 debug: transform url: 'cce:/internal/x/prerequisite-imports' costs: 23.50 ms
12:39:37.015 debug: Resolve file:///D:/cocos_editor/Creator/3.8.8/resources/resources/3d/engine/editor/assets/default_renderpipeline/builtin-dof-pass.ts from cce:/internal/x/prerequisite-imports as file:///D:/cocos_editor/Creator/3.8.8/resources/resources/3d/engine/editor/assets/default_renderpipeline/builtin-dof-pass.ts.
12:39:37.015 debug: Resolve file:///D:/cocos_editor/Creator/3.8.8/resources/resources/3d/engine/editor/assets/default_renderpipeline/builtin-pipeline-pass.ts from cce:/internal/x/prerequisite-imports as file:///D:/cocos_editor/Creator/3.8.8/resources/resources/3d/engine/editor/assets/default_renderpipeline/builtin-pipeline-pass.ts.
12:39:37.016 debug: Resolve file:///D:/cocos_editor/Creator/3.8.8/resources/resources/3d/engine/editor/assets/default_renderpipeline/builtin-pipeline-settings.ts from cce:/internal/x/prerequisite-imports as file:///D:/cocos_editor/Creator/3.8.8/resources/resources/3d/engine/editor/assets/default_renderpipeline/builtin-pipeline-settings.ts.
12:39:37.017 debug: Resolve file:///D:/cocos_editor/Creator/3.8.8/resources/resources/3d/engine/editor/assets/default_renderpipeline/builtin-pipeline-types.ts from cce:/internal/x/prerequisite-imports as file:///D:/cocos_editor/Creator/3.8.8/resources/resources/3d/engine/editor/assets/default_renderpipeline/builtin-pipeline-types.ts.
12:39:37.017 debug: Resolve file:///D:/cocos_editor/Creator/3.8.8/resources/resources/3d/engine/editor/assets/default_renderpipeline/builtin-pipeline.ts from cce:/internal/x/prerequisite-imports as file:///D:/cocos_editor/Creator/3.8.8/resources/resources/3d/engine/editor/assets/default_renderpipeline/builtin-pipeline.ts.
12:39:37.018 debug: Resolve file:///D:/cocos_editor/Creator/3.8.8/resources/resources/3d/engine/editor/assets/tools/debug-view-runtime-control.ts from cce:/internal/x/prerequisite-imports as file:///D:/cocos_editor/Creator/3.8.8/resources/resources/3d/engine/editor/assets/tools/debug-view-runtime-control.ts.
12:39:37.019 debug: Resolve file:///D:/cocos_zml/zml-cocos2d-games/zml-cocos2d-Hop/assets/Scripts/GameManager.ts from cce:/internal/x/prerequisite-imports as file:///D:/cocos_zml/zml-cocos2d-games/zml-cocos2d-Hop/assets/Scripts/GameManager.ts.
12:39:37.019 debug: Inspect file:///D:/cocos_zml/zml-cocos2d-games/zml-cocos2d-Hop/assets/Scripts/GameManager.ts
12:39:37.125 debug: transform url: 'file:///D:/cocos_zml/zml-cocos2d-games/zml-cocos2d-Hop/assets/Scripts/GameManager.ts' costs: 105.80 ms
12:39:37.129 debug: Resolve file:///D:/cocos_zml/zml-cocos2d-games/zml-cocos2d-Hop/assets/Scripts/PlayerController.ts from cce:/internal/x/prerequisite-imports as file:///D:/cocos_zml/zml-cocos2d-games/zml-cocos2d-Hop/assets/Scripts/PlayerController.ts.
12:39:37.129 debug: Inspect file:///D:/cocos_zml/zml-cocos2d-games/zml-cocos2d-Hop/assets/Scripts/PlayerController.ts
12:39:37.218 debug: transform url: 'file:///D:/cocos_zml/zml-cocos2d-games/zml-cocos2d-Hop/assets/Scripts/PlayerController.ts' costs: 89.20 ms
12:39:37.221 debug: Resolve cce:/internal/code-quality/cr.mjs from file:///D:/cocos_editor/Creator/3.8.8/resources/resources/3d/engine/editor/assets/default_renderpipeline/builtin-dof-pass.ts as cce:/internal/code-quality/cr.mjs.
12:39:37.222 debug: Detected change: cce:/internal/code-quality/cr.mjs. Last mtime: Tue Apr 07 2026 20:08:40 GMT+0800 (中国标准时间), Current mtime: Sat Apr 11 2026 12:39:29 GMT+0800 (中国标准时间)
12:39:37.222 debug: Inspect cce:/internal/code-quality/cr.mjs
12:39:37.236 debug: transform url: 'cce:/internal/code-quality/cr.mjs' costs: 14.60 ms
12:39:37.238 debug: Resolve cc from file:///D:/cocos_editor/Creator/3.8.8/resources/resources/3d/engine/editor/assets/default_renderpipeline/builtin-dof-pass.ts as cce:/internal/x/cc.
12:39:37.239 debug: Resolve cc from file:///D:/cocos_editor/Creator/3.8.8/resources/resources/3d/engine/editor/assets/default_renderpipeline/builtin-dof-pass.ts as cce:/internal/x/cc.
12:39:37.239 debug: Resolve cc from file:///D:/cocos_editor/Creator/3.8.8/resources/resources/3d/engine/editor/assets/default_renderpipeline/builtin-dof-pass.ts as cce:/internal/x/cc.
12:39:37.239 debug: Resolve cc/env from file:///D:/cocos_editor/Creator/3.8.8/resources/resources/3d/engine/editor/assets/default_renderpipeline/builtin-dof-pass.ts as external dependency cc/env.
12:39:37.239 debug: Resolve ./builtin-pipeline-settings from file:///D:/cocos_editor/Creator/3.8.8/resources/resources/3d/engine/editor/assets/default_renderpipeline/builtin-dof-pass.ts as file:///D:/cocos_editor/Creator/3.8.8/resources/resources/3d/engine/editor/assets/default_renderpipeline/builtin-pipeline-settings.ts.
12:39:37.240 debug: Resolve ./builtin-pipeline-pass from file:///D:/cocos_editor/Creator/3.8.8/resources/resources/3d/engine/editor/assets/default_renderpipeline/builtin-dof-pass.ts as file:///D:/cocos_editor/Creator/3.8.8/resources/resources/3d/engine/editor/assets/default_renderpipeline/builtin-pipeline-pass.ts.
12:39:37.241 debug: Resolve ./builtin-pipeline from file:///D:/cocos_editor/Creator/3.8.8/resources/resources/3d/engine/editor/assets/default_renderpipeline/builtin-dof-pass.ts as file:///D:/cocos_editor/Creator/3.8.8/resources/resources/3d/engine/editor/assets/default_renderpipeline/builtin-pipeline.ts.
12:39:37.241 debug: Resolve cce:/internal/code-quality/cr.mjs from file:///D:/cocos_editor/Creator/3.8.8/resources/resources/3d/engine/editor/assets/default_renderpipeline/builtin-pipeline-settings.ts as cce:/internal/code-quality/cr.mjs.
12:39:37.241 debug: Resolve cc from file:///D:/cocos_editor/Creator/3.8.8/resources/resources/3d/engine/editor/assets/default_renderpipeline/builtin-pipeline-settings.ts as cce:/internal/x/cc.
12:39:37.241 debug: Resolve cc from file:///D:/cocos_editor/Creator/3.8.8/resources/resources/3d/engine/editor/assets/default_renderpipeline/builtin-pipeline-settings.ts as cce:/internal/x/cc.
12:39:37.241 debug: Resolve cc from file:///D:/cocos_editor/Creator/3.8.8/resources/resources/3d/engine/editor/assets/default_renderpipeline/builtin-pipeline-settings.ts as cce:/internal/x/cc.
12:39:37.241 debug: Resolve cc/env from file:///D:/cocos_editor/Creator/3.8.8/resources/resources/3d/engine/editor/assets/default_renderpipeline/builtin-pipeline-settings.ts as external dependency cc/env.
12:39:37.242 debug: Resolve ./builtin-pipeline-types from file:///D:/cocos_editor/Creator/3.8.8/resources/resources/3d/engine/editor/assets/default_renderpipeline/builtin-pipeline-settings.ts as file:///D:/cocos_editor/Creator/3.8.8/resources/resources/3d/engine/editor/assets/default_renderpipeline/builtin-pipeline-types.ts.
12:39:37.242 debug: Resolve cc from file:///D:/cocos_editor/Creator/3.8.8/resources/resources/3d/engine/editor/assets/default_renderpipeline/builtin-pipeline-types.ts as cce:/internal/x/cc.
12:39:37.242 debug: Resolve cc from file:///D:/cocos_editor/Creator/3.8.8/resources/resources/3d/engine/editor/assets/default_renderpipeline/builtin-pipeline-types.ts as cce:/internal/x/cc.
12:39:37.242 debug: Resolve cc from file:///D:/cocos_editor/Creator/3.8.8/resources/resources/3d/engine/editor/assets/default_renderpipeline/builtin-pipeline-types.ts as cce:/internal/x/cc.
12:39:37.242 debug: Resolve cce:/internal/code-quality/cr.mjs from file:///D:/cocos_editor/Creator/3.8.8/resources/resources/3d/engine/editor/assets/default_renderpipeline/builtin-pipeline-pass.ts as cce:/internal/code-quality/cr.mjs.
12:39:37.242 debug: Resolve cc from file:///D:/cocos_editor/Creator/3.8.8/resources/resources/3d/engine/editor/assets/default_renderpipeline/builtin-pipeline-pass.ts as cce:/internal/x/cc.
12:39:37.242 debug: Resolve cc from file:///D:/cocos_editor/Creator/3.8.8/resources/resources/3d/engine/editor/assets/default_renderpipeline/builtin-pipeline-pass.ts as cce:/internal/x/cc.
12:39:37.242 debug: Resolve cc from file:///D:/cocos_editor/Creator/3.8.8/resources/resources/3d/engine/editor/assets/default_renderpipeline/builtin-pipeline-pass.ts as cce:/internal/x/cc.
12:39:37.243 debug: Resolve ./builtin-pipeline-settings from file:///D:/cocos_editor/Creator/3.8.8/resources/resources/3d/engine/editor/assets/default_renderpipeline/builtin-pipeline-pass.ts as file:///D:/cocos_editor/Creator/3.8.8/resources/resources/3d/engine/editor/assets/default_renderpipeline/builtin-pipeline-settings.ts.
12:39:37.243 debug: Resolve cc/env from file:///D:/cocos_editor/Creator/3.8.8/resources/resources/3d/engine/editor/assets/default_renderpipeline/builtin-pipeline-pass.ts as external dependency cc/env.
12:39:37.243 debug: Resolve cce:/internal/code-quality/cr.mjs from file:///D:/cocos_editor/Creator/3.8.8/resources/resources/3d/engine/editor/assets/default_renderpipeline/builtin-pipeline.ts as cce:/internal/code-quality/cr.mjs.
12:39:37.243 debug: Resolve cc from file:///D:/cocos_editor/Creator/3.8.8/resources/resources/3d/engine/editor/assets/default_renderpipeline/builtin-pipeline.ts as cce:/internal/x/cc.
12:39:37.244 debug: Resolve cc from file:///D:/cocos_editor/Creator/3.8.8/resources/resources/3d/engine/editor/assets/default_renderpipeline/builtin-pipeline.ts as cce:/internal/x/cc.
12:39:37.244 debug: Resolve cc from file:///D:/cocos_editor/Creator/3.8.8/resources/resources/3d/engine/editor/assets/default_renderpipeline/builtin-pipeline.ts as cce:/internal/x/cc.
12:39:37.244 debug: Resolve cc/env from file:///D:/cocos_editor/Creator/3.8.8/resources/resources/3d/engine/editor/assets/default_renderpipeline/builtin-pipeline.ts as external dependency cc/env.
12:39:37.245 debug: Resolve ./builtin-pipeline-types from file:///D:/cocos_editor/Creator/3.8.8/resources/resources/3d/engine/editor/assets/default_renderpipeline/builtin-pipeline.ts as file:///D:/cocos_editor/Creator/3.8.8/resources/resources/3d/engine/editor/assets/default_renderpipeline/builtin-pipeline-types.ts.
12:39:37.245 debug: Resolve cc from file:///D:/cocos_editor/Creator/3.8.8/resources/resources/3d/engine/editor/assets/tools/debug-view-runtime-control.ts as cce:/internal/x/cc.
12:39:37.245 debug: Resolve cc from file:///D:/cocos_editor/Creator/3.8.8/resources/resources/3d/engine/editor/assets/tools/debug-view-runtime-control.ts as cce:/internal/x/cc.
12:39:37.245 debug: Resolve cc from file:///D:/cocos_editor/Creator/3.8.8/resources/resources/3d/engine/editor/assets/tools/debug-view-runtime-control.ts as cce:/internal/x/cc.
12:39:37.245 debug: Resolve cce:/internal/code-quality/cr.mjs from file:///D:/cocos_zml/zml-cocos2d-games/zml-cocos2d-Hop/assets/Scripts/GameManager.ts as cce:/internal/code-quality/cr.mjs.
12:39:37.245 debug: Resolve cc from file:///D:/cocos_zml/zml-cocos2d-games/zml-cocos2d-Hop/assets/Scripts/GameManager.ts as cce:/internal/x/cc.
12:39:37.245 debug: Resolve cc from file:///D:/cocos_zml/zml-cocos2d-games/zml-cocos2d-Hop/assets/Scripts/GameManager.ts as cce:/internal/x/cc.
12:39:37.245 debug: Resolve cc from file:///D:/cocos_zml/zml-cocos2d-games/zml-cocos2d-Hop/assets/Scripts/GameManager.ts as cce:/internal/x/cc.
12:39:37.246 debug: Resolve ./PlayerController from file:///D:/cocos_zml/zml-cocos2d-games/zml-cocos2d-Hop/assets/Scripts/GameManager.ts as file:///D:/cocos_zml/zml-cocos2d-games/zml-cocos2d-Hop/assets/Scripts/PlayerController.ts.
12:39:37.246 debug: Resolve cc from file:///D:/cocos_zml/zml-cocos2d-games/zml-cocos2d-Hop/assets/Scripts/PlayerController.ts as cce:/internal/x/cc.
12:39:37.246 debug: Resolve cc from file:///D:/cocos_zml/zml-cocos2d-games/zml-cocos2d-Hop/assets/Scripts/PlayerController.ts as cce:/internal/x/cc.
12:39:37.246 debug: Resolve cc from file:///D:/cocos_zml/zml-cocos2d-games/zml-cocos2d-Hop/assets/Scripts/PlayerController.ts as cce:/internal/x/cc.
12:39:37.257 debug: Target(editor) ends with cost 352.65380000000005ms.
12:39:37.258 debug: Target(preview) build started.
12:39:37.261 debug: Detected change: cce:/internal/x/cc. Last mtime: Thu Jan 01 1970 08:00:08 GMT+0800 (中国标准时间), Current mtime: Thu Jan 01 1970 08:00:07 GMT+0800 (中国标准时间)
12:39:37.261 debug: Inspect cce:/internal/x/cc
12:39:37.293 debug: transform url: 'cce:/internal/x/cc' costs: 32.20 ms
12:39:37.295 debug: Resolve cce:/internal/x/cc-fu/2d from cce:/internal/x/cc as external dependency cce:/internal/x/cc-fu/2d.
12:39:37.295 debug: Resolve cce:/internal/x/cc-fu/sorting from cce:/internal/x/cc as external dependency cce:/internal/x/cc-fu/sorting.
12:39:37.295 debug: Resolve cce:/internal/x/cc-fu/affine-transform from cce:/internal/x/cc as external dependency cce:/internal/x/cc-fu/affine-transform.
12:39:37.295 debug: Resolve cce:/internal/x/cc-fu/animation from cce:/internal/x/cc as external dependency cce:/internal/x/cc-fu/animation.
12:39:37.295 debug: Resolve cce:/internal/x/cc-fu/audio from cce:/internal/x/cc as external dependency cce:/internal/x/cc-fu/audio.
12:39:37.295 debug: Resolve cce:/internal/x/cc-fu/base from cce:/internal/x/cc as external dependency cce:/internal/x/cc-fu/base.
12:39:37.295 debug: Resolve cce:/internal/x/cc-fu/custom-pipeline from cce:/internal/x/cc as external dependency cce:/internal/x/cc-fu/custom-pipeline.
12:39:37.296 debug: Resolve cce:/internal/x/cc-fu/dragon-bones from cce:/internal/x/cc as external dependency cce:/internal/x/cc-fu/dragon-bones.
12:39:37.296 debug: Resolve cce:/internal/x/cc-fu/gfx-webgl from cce:/internal/x/cc as external dependency cce:/internal/x/cc-fu/gfx-webgl.
12:39:37.296 debug: Resolve cce:/internal/x/cc-fu/gfx-webgl2 from cce:/internal/x/cc as external dependency cce:/internal/x/cc-fu/gfx-webgl2.
12:39:37.296 debug: Resolve cce:/internal/x/cc-fu/graphics from cce:/internal/x/cc as external dependency cce:/internal/x/cc-fu/graphics.
12:39:37.296 debug: Resolve cce:/internal/x/cc-fu/intersection-2d from cce:/internal/x/cc as external dependency cce:/internal/x/cc-fu/intersection-2d.
12:39:37.296 debug: Resolve cce:/internal/x/cc-fu/mask from cce:/internal/x/cc as external dependency cce:/internal/x/cc-fu/mask.
12:39:37.296 debug: Resolve cce:/internal/x/cc-fu/particle-2d from cce:/internal/x/cc as external dependency cce:/internal/x/cc-fu/particle-2d.
12:39:37.296 debug: Resolve cce:/internal/x/cc-fu/physics-2d-box2d from cce:/internal/x/cc as external dependency cce:/internal/x/cc-fu/physics-2d-box2d.
12:39:37.296 debug: Resolve cce:/internal/x/cc-fu/physics-2d-framework from cce:/internal/x/cc as external dependency cce:/internal/x/cc-fu/physics-2d-framework.
12:39:37.296 debug: Resolve cce:/internal/x/cc-fu/profiler from cce:/internal/x/cc as external dependency cce:/internal/x/cc-fu/profiler.
12:39:37.296 debug: Resolve cce:/internal/x/cc-fu/rich-text from cce:/internal/x/cc as external dependency cce:/internal/x/cc-fu/rich-text.
12:39:37.296 debug: Resolve cce:/internal/x/cc-fu/spine from cce:/internal/x/cc as external dependency cce:/internal/x/cc-fu/spine.
12:39:37.296 debug: Resolve cce:/internal/x/cc-fu/tiled-map from cce:/internal/x/cc as external dependency cce:/internal/x/cc-fu/tiled-map.
12:39:37.296 debug: Resolve cce:/internal/x/cc-fu/tween from cce:/internal/x/cc as external dependency cce:/internal/x/cc-fu/tween.
12:39:37.296 debug: Resolve cce:/internal/x/cc-fu/ui from cce:/internal/x/cc as external dependency cce:/internal/x/cc-fu/ui.
12:39:37.296 debug: Resolve cce:/internal/x/cc-fu/video from cce:/internal/x/cc as external dependency cce:/internal/x/cc-fu/video.
12:39:37.296 debug: Resolve cce:/internal/x/cc-fu/webview from cce:/internal/x/cc as external dependency cce:/internal/x/cc-fu/webview.
12:39:37.296 debug: Detected change: cce:/internal/x/prerequisite-imports. Last mtime: Thu Jan 01 1970 08:00:10 GMT+0800 (中国标准时间), Current mtime: Thu Jan 01 1970 08:00:07 GMT+0800 (中国标准时间)
12:39:37.296 debug: Inspect cce:/internal/x/prerequisite-imports
12:39:37.311 debug: transform url: 'cce:/internal/x/prerequisite-imports' costs: 15.10 ms
12:39:37.314 debug: Resolve file:///D:/cocos_editor/Creator/3.8.8/resources/resources/3d/engine/editor/assets/default_renderpipeline/builtin-dof-pass.ts from cce:/internal/x/prerequisite-imports as file:///D:/cocos_editor/Creator/3.8.8/resources/resources/3d/engine/editor/assets/default_renderpipeline/builtin-dof-pass.ts.
12:39:37.316 debug: Resolve file:///D:/cocos_editor/Creator/3.8.8/resources/resources/3d/engine/editor/assets/default_renderpipeline/builtin-pipeline-pass.ts from cce:/internal/x/prerequisite-imports as file:///D:/cocos_editor/Creator/3.8.8/resources/resources/3d/engine/editor/assets/default_renderpipeline/builtin-pipeline-pass.ts.
12:39:37.317 debug: Resolve file:///D:/cocos_editor/Creator/3.8.8/resources/resources/3d/engine/editor/assets/default_renderpipeline/builtin-pipeline-settings.ts from cce:/internal/x/prerequisite-imports as file:///D:/cocos_editor/Creator/3.8.8/resources/resources/3d/engine/editor/assets/default_renderpipeline/builtin-pipeline-settings.ts.
12:39:37.317 debug: Resolve file:///D:/cocos_editor/Creator/3.8.8/resources/resources/3d/engine/editor/assets/default_renderpipeline/builtin-pipeline-types.ts from cce:/internal/x/prerequisite-imports as file:///D:/cocos_editor/Creator/3.8.8/resources/resources/3d/engine/editor/assets/default_renderpipeline/builtin-pipeline-types.ts.
12:39:37.318 debug: Resolve file:///D:/cocos_editor/Creator/3.8.8/resources/resources/3d/engine/editor/assets/default_renderpipeline/builtin-pipeline.ts from cce:/internal/x/prerequisite-imports as file:///D:/cocos_editor/Creator/3.8.8/resources/resources/3d/engine/editor/assets/default_renderpipeline/builtin-pipeline.ts.
12:39:37.319 debug: Resolve file:///D:/cocos_editor/Creator/3.8.8/resources/resources/3d/engine/editor/assets/tools/debug-view-runtime-control.ts from cce:/internal/x/prerequisite-imports as file:///D:/cocos_editor/Creator/3.8.8/resources/resources/3d/engine/editor/assets/tools/debug-view-runtime-control.ts.
12:39:37.320 debug: Resolve file:///D:/cocos_zml/zml-cocos2d-games/zml-cocos2d-Hop/assets/Scripts/GameManager.ts from cce:/internal/x/prerequisite-imports as file:///D:/cocos_zml/zml-cocos2d-games/zml-cocos2d-Hop/assets/Scripts/GameManager.ts.
12:39:37.320 debug: Inspect file:///D:/cocos_zml/zml-cocos2d-games/zml-cocos2d-Hop/assets/Scripts/GameManager.ts
12:39:37.389 debug: transform url: 'file:///D:/cocos_zml/zml-cocos2d-games/zml-cocos2d-Hop/assets/Scripts/GameManager.ts' costs: 68.60 ms
12:39:37.392 debug: Resolve file:///D:/cocos_zml/zml-cocos2d-games/zml-cocos2d-Hop/assets/Scripts/PlayerController.ts from cce:/internal/x/prerequisite-imports as file:///D:/cocos_zml/zml-cocos2d-games/zml-cocos2d-Hop/assets/Scripts/PlayerController.ts.
12:39:37.392 debug: Inspect file:///D:/cocos_zml/zml-cocos2d-games/zml-cocos2d-Hop/assets/Scripts/PlayerController.ts
12:39:37.448 debug: transform url: 'file:///D:/cocos_zml/zml-cocos2d-games/zml-cocos2d-Hop/assets/Scripts/PlayerController.ts' costs: 56.30 ms
12:39:37.452 debug: Resolve cce:/internal/code-quality/cr.mjs from file:///D:/cocos_editor/Creator/3.8.8/resources/resources/3d/engine/editor/assets/default_renderpipeline/builtin-dof-pass.ts as cce:/internal/code-quality/cr.mjs.
12:39:37.452 debug: Detected change: cce:/internal/code-quality/cr.mjs. Last mtime: Tue Apr 07 2026 20:08:40 GMT+0800 (中国标准时间), Current mtime: Sat Apr 11 2026 12:39:29 GMT+0800 (中国标准时间)
12:39:37.452 debug: Inspect cce:/internal/code-quality/cr.mjs
12:39:37.465 debug: transform url: 'cce:/internal/code-quality/cr.mjs' costs: 12.20 ms
12:39:37.467 debug: Resolve cc from file:///D:/cocos_editor/Creator/3.8.8/resources/resources/3d/engine/editor/assets/default_renderpipeline/builtin-dof-pass.ts as cce:/internal/x/cc.
12:39:37.467 debug: Resolve cc from file:///D:/cocos_editor/Creator/3.8.8/resources/resources/3d/engine/editor/assets/default_renderpipeline/builtin-dof-pass.ts as cce:/internal/x/cc.
12:39:37.467 debug: Resolve cc from file:///D:/cocos_editor/Creator/3.8.8/resources/resources/3d/engine/editor/assets/default_renderpipeline/builtin-dof-pass.ts as cce:/internal/x/cc.
12:39:37.467 debug: Resolve cc/env from file:///D:/cocos_editor/Creator/3.8.8/resources/resources/3d/engine/editor/assets/default_renderpipeline/builtin-dof-pass.ts as external dependency cc/env.
12:39:37.467 debug: Resolve ./builtin-pipeline-settings from file:///D:/cocos_editor/Creator/3.8.8/resources/resources/3d/engine/editor/assets/default_renderpipeline/builtin-dof-pass.ts as file:///D:/cocos_editor/Creator/3.8.8/resources/resources/3d/engine/editor/assets/default_renderpipeline/builtin-pipeline-settings.ts.
12:39:37.468 debug: Resolve ./builtin-pipeline-pass from file:///D:/cocos_editor/Creator/3.8.8/resources/resources/3d/engine/editor/assets/default_renderpipeline/builtin-dof-pass.ts as file:///D:/cocos_editor/Creator/3.8.8/resources/resources/3d/engine/editor/assets/default_renderpipeline/builtin-pipeline-pass.ts.
12:39:37.469 debug: Resolve ./builtin-pipeline from file:///D:/cocos_editor/Creator/3.8.8/resources/resources/3d/engine/editor/assets/default_renderpipeline/builtin-dof-pass.ts as file:///D:/cocos_editor/Creator/3.8.8/resources/resources/3d/engine/editor/assets/default_renderpipeline/builtin-pipeline.ts.
12:39:37.469 debug: Resolve cce:/internal/code-quality/cr.mjs from file:///D:/cocos_editor/Creator/3.8.8/resources/resources/3d/engine/editor/assets/default_renderpipeline/builtin-pipeline-settings.ts as cce:/internal/code-quality/cr.mjs.
12:39:37.469 debug: Resolve cc from file:///D:/cocos_editor/Creator/3.8.8/resources/resources/3d/engine/editor/assets/default_renderpipeline/builtin-pipeline-settings.ts as cce:/internal/x/cc.
12:39:37.469 debug: Resolve cc from file:///D:/cocos_editor/Creator/3.8.8/resources/resources/3d/engine/editor/assets/default_renderpipeline/builtin-pipeline-settings.ts as cce:/internal/x/cc.
12:39:37.469 debug: Resolve cc from file:///D:/cocos_editor/Creator/3.8.8/resources/resources/3d/engine/editor/assets/default_renderpipeline/builtin-pipeline-settings.ts as cce:/internal/x/cc.
12:39:37.469 debug: Resolve cc/env from file:///D:/cocos_editor/Creator/3.8.8/resources/resources/3d/engine/editor/assets/default_renderpipeline/builtin-pipeline-settings.ts as external dependency cc/env.
12:39:37.470 debug: Resolve ./builtin-pipeline-types from file:///D:/cocos_editor/Creator/3.8.8/resources/resources/3d/engine/editor/assets/default_renderpipeline/builtin-pipeline-settings.ts as file:///D:/cocos_editor/Creator/3.8.8/resources/resources/3d/engine/editor/assets/default_renderpipeline/builtin-pipeline-types.ts.
12:39:37.470 debug: Resolve cc from file:///D:/cocos_editor/Creator/3.8.8/resources/resources/3d/engine/editor/assets/default_renderpipeline/builtin-pipeline-types.ts as cce:/internal/x/cc.
12:39:37.470 debug: Resolve cc from file:///D:/cocos_editor/Creator/3.8.8/resources/resources/3d/engine/editor/assets/default_renderpipeline/builtin-pipeline-types.ts as cce:/internal/x/cc.
12:39:37.470 debug: Resolve cc from file:///D:/cocos_editor/Creator/3.8.8/resources/resources/3d/engine/editor/assets/default_renderpipeline/builtin-pipeline-types.ts as cce:/internal/x/cc.
12:39:37.470 debug: Resolve cce:/internal/code-quality/cr.mjs from file:///D:/cocos_editor/Creator/3.8.8/resources/resources/3d/engine/editor/assets/default_renderpipeline/builtin-pipeline-pass.ts as cce:/internal/code-quality/cr.mjs.
12:39:37.470 debug: Resolve cc from file:///D:/cocos_editor/Creator/3.8.8/resources/resources/3d/engine/editor/assets/default_renderpipeline/builtin-pipeline-pass.ts as cce:/internal/x/cc.
12:39:37.470 debug: Resolve cc from file:///D:/cocos_editor/Creator/3.8.8/resources/resources/3d/engine/editor/assets/default_renderpipeline/builtin-pipeline-pass.ts as cce:/internal/x/cc.
12:39:37.471 debug: Resolve cc from file:///D:/cocos_editor/Creator/3.8.8/resources/resources/3d/engine/editor/assets/default_renderpipeline/builtin-pipeline-pass.ts as cce:/internal/x/cc.
12:39:37.472 debug: Resolve ./builtin-pipeline-settings from file:///D:/cocos_editor/Creator/3.8.8/resources/resources/3d/engine/editor/assets/default_renderpipeline/builtin-pipeline-pass.ts as file:///D:/cocos_editor/Creator/3.8.8/resources/resources/3d/engine/editor/assets/default_renderpipeline/builtin-pipeline-settings.ts.
12:39:37.472 debug: Resolve cc/env from file:///D:/cocos_editor/Creator/3.8.8/resources/resources/3d/engine/editor/assets/default_renderpipeline/builtin-pipeline-pass.ts as external dependency cc/env.
12:39:37.472 debug: Resolve cce:/internal/code-quality/cr.mjs from file:///D:/cocos_editor/Creator/3.8.8/resources/resources/3d/engine/editor/assets/default_renderpipeline/builtin-pipeline.ts as cce:/internal/code-quality/cr.mjs.
12:39:37.473 debug: Resolve cc from file:///D:/cocos_editor/Creator/3.8.8/resources/resources/3d/engine/editor/assets/default_renderpipeline/builtin-pipeline.ts as cce:/internal/x/cc.
12:39:37.473 debug: Resolve cc from file:///D:/cocos_editor/Creator/3.8.8/resources/resources/3d/engine/editor/assets/default_renderpipeline/builtin-pipeline.ts as cce:/internal/x/cc.
12:39:37.474 debug: Resolve cc from file:///D:/cocos_editor/Creator/3.8.8/resources/resources/3d/engine/editor/assets/default_renderpipeline/builtin-pipeline.ts as cce:/internal/x/cc.
12:39:37.474 debug: Resolve cc/env from file:///D:/cocos_editor/Creator/3.8.8/resources/resources/3d/engine/editor/assets/default_renderpipeline/builtin-pipeline.ts as external dependency cc/env.
12:39:37.474 debug: Resolve ./builtin-pipeline-types from file:///D:/cocos_editor/Creator/3.8.8/resources/resources/3d/engine/editor/assets/default_renderpipeline/builtin-pipeline.ts as file:///D:/cocos_editor/Creator/3.8.8/resources/resources/3d/engine/editor/assets/default_renderpipeline/builtin-pipeline-types.ts.
12:39:37.475 debug: Resolve cc from file:///D:/cocos_editor/Creator/3.8.8/resources/resources/3d/engine/editor/assets/tools/debug-view-runtime-control.ts as cce:/internal/x/cc.
12:39:37.475 debug: Resolve cc from file:///D:/cocos_editor/Creator/3.8.8/resources/resources/3d/engine/editor/assets/tools/debug-view-runtime-control.ts as cce:/internal/x/cc.
12:39:37.475 debug: Resolve cc from file:///D:/cocos_editor/Creator/3.8.8/resources/resources/3d/engine/editor/assets/tools/debug-view-runtime-control.ts as cce:/internal/x/cc.
12:39:37.475 debug: Resolve cce:/internal/code-quality/cr.mjs from file:///D:/cocos_zml/zml-cocos2d-games/zml-cocos2d-Hop/assets/Scripts/GameManager.ts as cce:/internal/code-quality/cr.mjs.
12:39:37.475 debug: Resolve cc from file:///D:/cocos_zml/zml-cocos2d-games/zml-cocos2d-Hop/assets/Scripts/GameManager.ts as cce:/internal/x/cc.
12:39:37.475 debug: Resolve cc from file:///D:/cocos_zml/zml-cocos2d-games/zml-cocos2d-Hop/assets/Scripts/GameManager.ts as cce:/internal/x/cc.
12:39:37.475 debug: Resolve cc from file:///D:/cocos_zml/zml-cocos2d-games/zml-cocos2d-Hop/assets/Scripts/GameManager.ts as cce:/internal/x/cc.
12:39:37.476 debug: Resolve ./PlayerController from file:///D:/cocos_zml/zml-cocos2d-games/zml-cocos2d-Hop/assets/Scripts/GameManager.ts as file:///D:/cocos_zml/zml-cocos2d-games/zml-cocos2d-Hop/assets/Scripts/PlayerController.ts.
12:39:37.476 debug: Resolve cc from file:///D:/cocos_zml/zml-cocos2d-games/zml-cocos2d-Hop/assets/Scripts/PlayerController.ts as cce:/internal/x/cc.
12:39:37.476 debug: Resolve cc from file:///D:/cocos_zml/zml-cocos2d-games/zml-cocos2d-Hop/assets/Scripts/PlayerController.ts as cce:/internal/x/cc.
12:39:37.476 debug: Resolve cc from file:///D:/cocos_zml/zml-cocos2d-games/zml-cocos2d-Hop/assets/Scripts/PlayerController.ts as cce:/internal/x/cc.
12:39:37.487 debug: Target(preview) ends with cost 229.26199999999972ms.
12:39:38.550 debug: Pulling asset-db.
12:39:38.894 debug: Fetch asset-db cost: 343.21450000000004ms.
12:39:38.895 debug: Build iteration starts.
Number of accumulated asset changes: 8
Feature changed: false
12:39:38.895 debug: Target(editor) build started.
12:39:38.898 debug: Detected change: cce:/internal/x/prerequisite-imports. Last mtime: Thu Jan 01 1970 08:00:07 GMT+0800 (中国标准时间), Current mtime: Thu Jan 01 1970 08:00:09 GMT+0800 (中国标准时间)
12:39:38.898 debug: Inspect cce:/internal/x/prerequisite-imports
12:39:38.908 debug: transform url: 'cce:/internal/x/prerequisite-imports' costs: 9.10 ms
12:39:38.910 debug: Resolve file:///D:/cocos_editor/Creator/3.8.8/resources/resources/3d/engine/editor/assets/default_renderpipeline/builtin-dof-pass.ts from cce:/internal/x/prerequisite-imports as file:///D:/cocos_editor/Creator/3.8.8/resources/resources/3d/engine/editor/assets/default_renderpipeline/builtin-dof-pass.ts.
12:39:38.910 debug: Resolve file:///D:/cocos_editor/Creator/3.8.8/resources/resources/3d/engine/editor/assets/default_renderpipeline/builtin-pipeline-pass.ts from cce:/internal/x/prerequisite-imports as file:///D:/cocos_editor/Creator/3.8.8/resources/resources/3d/engine/editor/assets/default_renderpipeline/builtin-pipeline-pass.ts.
12:39:38.911 debug: Resolve file:///D:/cocos_editor/Creator/3.8.8/resources/resources/3d/engine/editor/assets/default_renderpipeline/builtin-pipeline-settings.ts from cce:/internal/x/prerequisite-imports as file:///D:/cocos_editor/Creator/3.8.8/resources/resources/3d/engine/editor/assets/default_renderpipeline/builtin-pipeline-settings.ts.
12:39:38.911 debug: Resolve file:///D:/cocos_editor/Creator/3.8.8/resources/resources/3d/engine/editor/assets/default_renderpipeline/builtin-pipeline-types.ts from cce:/internal/x/prerequisite-imports as file:///D:/cocos_editor/Creator/3.8.8/resources/resources/3d/engine/editor/assets/default_renderpipeline/builtin-pipeline-types.ts.
12:39:38.912 debug: Resolve file:///D:/cocos_editor/Creator/3.8.8/resources/resources/3d/engine/editor/assets/default_renderpipeline/builtin-pipeline.ts from cce:/internal/x/prerequisite-imports as file:///D:/cocos_editor/Creator/3.8.8/resources/resources/3d/engine/editor/assets/default_renderpipeline/builtin-pipeline.ts.
12:39:38.913 debug: Resolve file:///D:/cocos_editor/Creator/3.8.8/resources/resources/3d/engine/editor/assets/tools/debug-view-runtime-control.ts from cce:/internal/x/prerequisite-imports as file:///D:/cocos_editor/Creator/3.8.8/resources/resources/3d/engine/editor/assets/tools/debug-view-runtime-control.ts.
12:39:38.913 debug: Resolve file:///D:/cocos_zml/zml-cocos2d-games/zml-cocos2d-Hop/assets/Scripts/GameManager.ts from cce:/internal/x/prerequisite-imports as file:///D:/cocos_zml/zml-cocos2d-games/zml-cocos2d-Hop/assets/Scripts/GameManager.ts.
12:39:38.914 debug: Resolve file:///D:/cocos_zml/zml-cocos2d-games/zml-cocos2d-Hop/assets/Scripts/PlayerController.ts from cce:/internal/x/prerequisite-imports as file:///D:/cocos_zml/zml-cocos2d-games/zml-cocos2d-Hop/assets/Scripts/PlayerController.ts.
12:39:38.923 debug: Target(editor) ends with cost 27.601799999998548ms.
12:39:38.924 debug: Target(preview) build started.
12:39:38.927 debug: Detected change: cce:/internal/x/prerequisite-imports. Last mtime: Thu Jan 01 1970 08:00:07 GMT+0800 (中国标准时间), Current mtime: Thu Jan 01 1970 08:00:09 GMT+0800 (中国标准时间)
12:39:38.927 debug: Inspect cce:/internal/x/prerequisite-imports
12:39:38.943 debug: transform url: 'cce:/internal/x/prerequisite-imports' costs: 16.40 ms
12:39:38.946 debug: Resolve file:///D:/cocos_editor/Creator/3.8.8/resources/resources/3d/engine/editor/assets/default_renderpipeline/builtin-dof-pass.ts from cce:/internal/x/prerequisite-imports as file:///D:/cocos_editor/Creator/3.8.8/resources/resources/3d/engine/editor/assets/default_renderpipeline/builtin-dof-pass.ts.
12:39:38.947 debug: Resolve file:///D:/cocos_editor/Creator/3.8.8/resources/resources/3d/engine/editor/assets/default_renderpipeline/builtin-pipeline-pass.ts from cce:/internal/x/prerequisite-imports as file:///D:/cocos_editor/Creator/3.8.8/resources/resources/3d/engine/editor/assets/default_renderpipeline/builtin-pipeline-pass.ts.
12:39:38.947 debug: Resolve file:///D:/cocos_editor/Creator/3.8.8/resources/resources/3d/engine/editor/assets/default_renderpipeline/builtin-pipeline-settings.ts from cce:/internal/x/prerequisite-imports as file:///D:/cocos_editor/Creator/3.8.8/resources/resources/3d/engine/editor/assets/default_renderpipeline/builtin-pipeline-settings.ts.
12:39:38.948 debug: Resolve file:///D:/cocos_editor/Creator/3.8.8/resources/resources/3d/engine/editor/assets/default_renderpipeline/builtin-pipeline-types.ts from cce:/internal/x/prerequisite-imports as file:///D:/cocos_editor/Creator/3.8.8/resources/resources/3d/engine/editor/assets/default_renderpipeline/builtin-pipeline-types.ts.
12:39:38.949 debug: Resolve file:///D:/cocos_editor/Creator/3.8.8/resources/resources/3d/engine/editor/assets/default_renderpipeline/builtin-pipeline.ts from cce:/internal/x/prerequisite-imports as file:///D:/cocos_editor/Creator/3.8.8/resources/resources/3d/engine/editor/assets/default_renderpipeline/builtin-pipeline.ts.
12:39:38.949 debug: Resolve file:///D:/cocos_editor/Creator/3.8.8/resources/resources/3d/engine/editor/assets/tools/debug-view-runtime-control.ts from cce:/internal/x/prerequisite-imports as file:///D:/cocos_editor/Creator/3.8.8/resources/resources/3d/engine/editor/assets/tools/debug-view-runtime-control.ts.
12:39:38.950 debug: Resolve file:///D:/cocos_zml/zml-cocos2d-games/zml-cocos2d-Hop/assets/Scripts/GameManager.ts from cce:/internal/x/prerequisite-imports as file:///D:/cocos_zml/zml-cocos2d-games/zml-cocos2d-Hop/assets/Scripts/GameManager.ts.
12:39:38.950 debug: Resolve file:///D:/cocos_zml/zml-cocos2d-games/zml-cocos2d-Hop/assets/Scripts/PlayerController.ts from cce:/internal/x/prerequisite-imports as file:///D:/cocos_zml/zml-cocos2d-games/zml-cocos2d-Hop/assets/Scripts/PlayerController.ts.
12:39:38.961 debug: Target(preview) ends with cost 37.709100000000035ms.
