2026-4-8 12:33:17-log: Cannot access game frame or container.
2026-4-8 12:33:17-debug: asset-db:require-engine-code (842ms)
2026-4-8 12:33:17-log: meshopt wasm decoder initialized
2026-4-8 12:33:17-log: [bullet]:bullet wasm lib loaded.
2026-4-8 12:33:18-log: [box2d]:box2d wasm lib loaded.
2026-4-8 12:33:18-log: Cocos Creator v3.8.8
2026-4-8 12:33:18-log: Using legacy pipeline
2026-4-8 12:33:18-log: Forward render pipeline initialized.
2026-4-8 12:33:18-debug: [Assets Memory track]: asset-db:worker-init: initEngine start:29.89MB, end 79.14MB, increase: 49.25MB
2026-4-8 12:33:19-debug: [Assets Memory track]: asset-db:worker-init: initPlugin start:79.18MB, end 342.33MB, increase: 263.14MB
2026-4-8 12:33:19-debug: asset-db:worker-init: initPlugin (1831ms)
2026-4-8 12:33:19-debug: [Assets Memory track]: asset-db:worker-init start:29.88MB, end 340.01MB, increase: 310.13MB
2026-4-8 12:33:19-debug: Run asset db hook programming:beforePreStart success!
2026-4-8 12:33:19-debug: Run asset db hook engine-extends:beforePreStart ...
2026-4-8 12:33:19-debug: Run asset db hook engine-extends:beforePreStart success!
2026-4-8 12:33:19-debug: Run asset db hook programming:beforePreStart ...
2026-4-8 12:33:19-debug: asset-db-hook-programming-beforePreStart (115ms)
2026-4-8 12:33:19-debug: asset-db:worker-init (2861ms)
2026-4-8 12:33:19-debug: asset-db-hook-engine-extends-beforePreStart (115ms)
2026-4-8 12:33:20-debug: Preimport db assets success
2026-4-8 12:33:20-debug: Run asset db hook programming:afterPreStart ...
2026-4-8 12:33:20-debug: Preimport db internal success
2026-4-8 12:33:20-debug: starting packer-driver...
2026-4-8 12:33:20-debug: initialize scripting environment...
2026-4-8 12:33:20-debug: [[Executor]] prepare before lock
2026-4-8 12:33:20-debug: Set detail map pack:///resolution-detail-map.json: {}
2026-4-8 12:33:20-debug: [[Executor]] prepare after unlock
2026-4-8 12:33:20-debug: Run asset db hook programming:afterPreStart success!
2026-4-8 12:33:20-debug: Run asset db hook engine-extends:afterPreStart ...
2026-4-8 12:33:20-debug: Run asset db hook engine-extends:afterPreStart success!
2026-4-8 12:33:20-debug: [Assets Memory track]: asset-db:worker-init: preStart start:340.03MB, end 343.55MB, increase: 3.53MB
2026-4-8 12:33:20-debug: Start up the 'internal' database...
2026-4-8 12:33:20-debug: asset-db-hook-programming-afterPreStart (682ms)
2026-4-8 12:33:20-debug: asset-db:worker-effect-data-processing (528ms)
2026-4-8 12:33:20-debug: asset-db-hook-engine-extends-afterPreStart (528ms)
2026-4-8 12:33:20-debug: Run asset db hook engine-extends:afterStartDB ...
2026-4-8 12:33:21-debug: recompile effect.bin success
2026-4-8 12:33:21-debug: Start up the 'assets' database...
2026-4-8 12:33:21-debug: Run asset db hook engine-extends:afterStartDB success!
2026-4-8 12:33:21-debug: asset-db:worker-effect-data-processing (357ms)
2026-4-8 12:33:21-debug: asset-db-hook-engine-extends-afterStartDB (358ms)
2026-4-8 12:33:21-debug: Run asset db hook engine-extends:afterStartDB ...
2026-4-8 12:33:21-debug: recompile effect.bin success
2026-4-8 12:33:21-debug: [Assets Memory track]: asset-db:worker-init: startup start:343.57MB, end 387.94MB, increase: 44.37MB
2026-4-8 12:33:21-debug: Run asset db hook engine-extends:afterStartDB success!
2026-4-8 12:33:21-debug: lazy register asset handler directory
2026-4-8 12:33:21-debug: lazy register asset handler *
2026-4-8 12:33:21-debug: lazy register asset handler json
2026-4-8 12:33:21-debug: lazy register asset handler spine-data
2026-4-8 12:33:21-debug: lazy register asset handler text
2026-4-8 12:33:21-debug: lazy register asset handler dragonbones
2026-4-8 12:33:21-debug: lazy register asset handler dragonbones-atlas
2026-4-8 12:33:21-debug: lazy register asset handler terrain
2026-4-8 12:33:21-debug: lazy register asset handler javascript
2026-4-8 12:33:21-debug: lazy register asset handler scene
2026-4-8 12:33:21-debug: lazy register asset handler typescript
2026-4-8 12:33:21-debug: lazy register asset handler prefab
2026-4-8 12:33:21-debug: lazy register asset handler sprite-frame
2026-4-8 12:33:21-debug: lazy register asset handler tiled-map
2026-4-8 12:33:21-debug: lazy register asset handler buffer
2026-4-8 12:33:21-debug: lazy register asset handler image
2026-4-8 12:33:21-debug: lazy register asset handler sign-image
2026-4-8 12:33:21-debug: lazy register asset handler alpha-image
2026-4-8 12:33:21-debug: lazy register asset handler texture
2026-4-8 12:33:21-debug: lazy register asset handler texture-cube
2026-4-8 12:33:21-debug: lazy register asset handler erp-texture-cube
2026-4-8 12:33:21-debug: lazy register asset handler render-texture
2026-4-8 12:33:21-debug: lazy register asset handler texture-cube-face
2026-4-8 12:33:21-debug: lazy register asset handler rt-sprite-frame
2026-4-8 12:33:21-debug: lazy register asset handler gltf
2026-4-8 12:33:21-debug: lazy register asset handler gltf-mesh
2026-4-8 12:33:21-debug: lazy register asset handler gltf-animation
2026-4-8 12:33:21-debug: lazy register asset handler gltf-skeleton
2026-4-8 12:33:21-debug: lazy register asset handler gltf-material
2026-4-8 12:33:21-debug: lazy register asset handler gltf-embeded-image
2026-4-8 12:33:21-debug: lazy register asset handler gltf-scene
2026-4-8 12:33:21-debug: lazy register asset handler fbx
2026-4-8 12:33:21-debug: lazy register asset handler material
2026-4-8 12:33:21-debug: lazy register asset handler physics-material
2026-4-8 12:33:21-debug: lazy register asset handler effect
2026-4-8 12:33:21-debug: lazy register asset handler effect-header
2026-4-8 12:33:21-debug: lazy register asset handler audio-clip
2026-4-8 12:33:21-debug: lazy register asset handler animation-clip
2026-4-8 12:33:21-debug: lazy register asset handler animation-graph
2026-4-8 12:33:21-debug: lazy register asset handler animation-graph-variant
2026-4-8 12:33:21-debug: lazy register asset handler animation-mask
2026-4-8 12:33:21-debug: lazy register asset handler ttf-font
2026-4-8 12:33:21-debug: lazy register asset handler bitmap-font
2026-4-8 12:33:21-debug: lazy register asset handler sprite-atlas
2026-4-8 12:33:21-debug: lazy register asset handler particle
2026-4-8 12:33:21-debug: lazy register asset handler auto-atlas
2026-4-8 12:33:21-debug: lazy register asset handler render-pipeline
2026-4-8 12:33:21-debug: lazy register asset handler label-atlas
2026-4-8 12:33:21-debug: lazy register asset handler render-flow
2026-4-8 12:33:21-debug: lazy register asset handler render-stage
2026-4-8 12:33:21-debug: lazy register asset handler instantiation-material
2026-4-8 12:33:21-debug: lazy register asset handler instantiation-mesh
2026-4-8 12:33:21-debug: lazy register asset handler instantiation-skeleton
2026-4-8 12:33:21-debug: lazy register asset handler instantiation-animation
2026-4-8 12:33:21-debug: lazy register asset handler video-clip
2026-4-8 12:33:21-debug: asset-db:worker-effect-data-processing (369ms)
2026-4-8 12:33:21-debug: asset-db:start-database (1703ms)
2026-4-8 12:33:21-debug: asset-db-hook-engine-extends-afterStartDB (370ms)
2026-4-8 12:33:21-debug: init worker message success
2026-4-8 12:33:21-debug: programming:execute-script (7ms)
2026-4-8 12:33:22-debug: [Build Memory track]: builder:worker-init start:384.52MB, end 393.12MB, increase: 8.60MB
2026-4-8 12:33:22-debug: builder:worker-init (464ms)
2026-4-8 12:34:07-debug: refresh db internal success
2026-4-8 12:34:07-debug: refresh db assets success
2026-4-8 12:34:07-debug: Run asset db hook engine-extends:afterRefresh ...
2026-4-8 12:34:07-debug: asset-db:refresh-all-database (91ms)
2026-4-8 12:34:07-debug: Run asset db hook engine-extends:afterRefresh success!
2026-4-8 12:34:07-debug: asset-db:worker-effect-data-processing (1ms)
2026-4-8 12:34:07-debug: asset-db-hook-engine-extends-afterRefresh (1ms)
2026-4-8 12:35:31-debug: refresh db internal success
2026-4-8 12:35:31-debug: Run asset db hook engine-extends:afterRefresh ...
2026-4-8 12:35:31-debug: refresh db assets success
2026-4-8 12:35:31-debug: Run asset db hook engine-extends:afterRefresh success!
2026-4-8 12:35:31-debug: asset-db:refresh-all-database (84ms)
2026-4-8 12:35:31-debug: asset-db:worker-effect-data-processing (2ms)
2026-4-8 12:35:31-debug: asset-db-hook-engine-extends-afterRefresh (2ms)
2026-4-8 12:35:37-debug: refresh db internal success
2026-4-8 12:35:37-debug: refresh db assets success
2026-4-8 12:35:37-debug: Run asset db hook engine-extends:afterRefresh ...
2026-4-8 12:35:37-debug: Run asset db hook engine-extends:afterRefresh success!
2026-4-8 12:35:37-debug: asset-db:refresh-all-database (85ms)
2026-4-8 12:35:37-debug: asset-db:worker-effect-data-processing (1ms)
2026-4-8 12:35:37-debug: asset-db-hook-engine-extends-afterRefresh (2ms)
