2026-4-8 13:00:38-log: Cannot access game frame or container.
2026-4-8 13:00:38-debug: asset-db:require-engine-code (1097ms)
2026-4-8 13:00:38-log: meshopt wasm decoder initialized
2026-4-8 13:00:38-log: [bullet]:bullet wasm lib loaded.
2026-4-8 13:00:38-log: [box2d]:box2d wasm lib loaded.
2026-4-8 13:00:38-log: Cocos Creator v3.8.8
2026-4-8 13:00:38-log: Forward render pipeline initialized.
2026-4-8 13:00:38-log: Using legacy pipeline
2026-4-8 13:00:38-debug: [Assets Memory track]: asset-db:worker-init: initEngine start:27.62MB, end 79.13MB, increase: 51.51MB
2026-4-8 13:00:41-debug: [Assets Memory track]: asset-db:worker-init: initPlugin start:79.23MB, end 273.61MB, increase: 194.38MB
2026-4-8 13:00:41-debug: run package(wechatprogram) handler(enable) start
2026-4-8 13:00:41-debug: run package(wechatprogram) handler(enable) success!
2026-4-8 13:00:41-debug: run package(windows) handler(enable) start
2026-4-8 13:00:41-debug: run package(windows) handler(enable) success!
2026-4-8 13:00:41-debug: run package(xiaomi-quick-game) handler(enable) start
2026-4-8 13:00:41-debug: run package(xiaomi-quick-game) handler(enable) success!
2026-4-8 13:00:41-debug: run package(cocos-service) handler(enable) start
2026-4-8 13:00:41-debug: run package(im-plugin) handler(enable) start
2026-4-8 13:00:41-debug: run package(cocos-service) handler(enable) success!
2026-4-8 13:00:41-debug: run package(im-plugin) handler(enable) success!
2026-4-8 13:00:41-debug: run package(placeholder) handler(enable) success!
2026-4-8 13:00:41-debug: run package(placeholder) handler(enable) start
2026-4-8 13:00:41-debug: asset-db:worker-init: initPlugin (2510ms)
2026-4-8 13:00:41-debug: Run asset db hook programming:beforePreStart ...
2026-4-8 13:00:41-debug: Run asset db hook engine-extends:beforePreStart ...
2026-4-8 13:00:41-debug: [Assets Memory track]: asset-db:worker-init start:27.61MB, end 273.82MB, increase: 246.21MB
2026-4-8 13:00:41-debug: Run asset db hook programming:beforePreStart success!
2026-4-8 13:00:41-debug: Run asset db hook engine-extends:beforePreStart success!
2026-4-8 13:00:41-debug: asset-db:worker-init (3884ms)
2026-4-8 13:00:41-debug: asset-db-hook-programming-beforePreStart (129ms)
2026-4-8 13:00:41-debug: asset-db-hook-engine-extends-beforePreStart (129ms)
2026-4-8 13:00:41-debug: Preimport db assets success
2026-4-8 13:00:41-debug: Preimport db internal success
2026-4-8 13:00:41-debug: Run asset db hook programming:afterPreStart ...
2026-4-8 13:00:41-debug: starting packer-driver...
2026-4-8 13:00:41-debug: initialize scripting environment...
2026-4-8 13:00:41-debug: [[Executor]] prepare before lock
2026-4-8 13:00:41-debug: Set detail map pack:///resolution-detail-map.json: {}
2026-4-8 13:00:41-debug: [[Executor]] prepare after unlock
2026-4-8 13:00:41-debug: Run asset db hook engine-extends:afterPreStart success!
2026-4-8 13:00:41-debug: Run asset db hook engine-extends:afterPreStart ...
2026-4-8 13:00:41-debug: Run asset db hook programming:afterPreStart success!
2026-4-8 13:00:41-debug: [Assets Memory track]: asset-db:worker-init: preStart start:273.84MB, end 277.75MB, increase: 3.92MB
2026-4-8 13:00:41-debug: Start up the 'internal' database...
2026-4-8 13:00:42-debug: asset-db-hook-programming-afterPreStart (697ms)
2026-4-8 13:00:42-debug: asset-db-hook-engine-extends-afterPreStart (344ms)
2026-4-8 13:00:42-debug: asset-db:worker-effect-data-processing (343ms)
2026-4-8 13:00:42-debug: Run asset db hook engine-extends:afterStartDB ...
2026-4-8 13:00:42-debug: recompile effect.bin success
2026-4-8 13:00:42-debug: Run asset db hook engine-extends:afterStartDB success!
2026-4-8 13:00:42-debug: Start up the 'assets' database...
2026-4-8 13:00:42-debug: asset-db:worker-effect-data-processing (326ms)
2026-4-8 13:00:42-debug: asset-db-hook-engine-extends-afterStartDB (326ms)
2026-4-8 13:00:42-debug: Run asset db hook engine-extends:afterStartDB ...
2026-4-8 13:00:42-debug: Run asset db hook engine-extends:afterStartDB success!
2026-4-8 13:00:42-debug: recompile effect.bin success
2026-4-8 13:00:42-debug: lazy register asset handler *
2026-4-8 13:00:42-debug: lazy register asset handler directory
2026-4-8 13:00:42-debug: lazy register asset handler text
2026-4-8 13:00:42-debug: lazy register asset handler json
2026-4-8 13:00:42-debug: lazy register asset handler spine-data
2026-4-8 13:00:42-debug: lazy register asset handler dragonbones
2026-4-8 13:00:42-debug: lazy register asset handler dragonbones-atlas
2026-4-8 13:00:42-debug: lazy register asset handler terrain
2026-4-8 13:00:42-debug: lazy register asset handler javascript
2026-4-8 13:00:42-debug: lazy register asset handler typescript
2026-4-8 13:00:42-debug: lazy register asset handler prefab
2026-4-8 13:00:42-debug: lazy register asset handler tiled-map
2026-4-8 13:00:42-debug: lazy register asset handler sprite-frame
2026-4-8 13:00:42-debug: lazy register asset handler scene
2026-4-8 13:00:42-debug: lazy register asset handler buffer
2026-4-8 13:00:42-debug: lazy register asset handler image
2026-4-8 13:00:42-debug: lazy register asset handler sign-image
2026-4-8 13:00:42-debug: lazy register asset handler alpha-image
2026-4-8 13:00:42-debug: lazy register asset handler texture
2026-4-8 13:00:42-debug: lazy register asset handler texture-cube
2026-4-8 13:00:42-debug: lazy register asset handler erp-texture-cube
2026-4-8 13:00:42-debug: lazy register asset handler texture-cube-face
2026-4-8 13:00:42-debug: lazy register asset handler rt-sprite-frame
2026-4-8 13:00:42-debug: lazy register asset handler render-texture
2026-4-8 13:00:42-debug: lazy register asset handler gltf-mesh
2026-4-8 13:00:42-debug: lazy register asset handler gltf-animation
2026-4-8 13:00:42-debug: lazy register asset handler gltf-skeleton
2026-4-8 13:00:42-debug: lazy register asset handler gltf
2026-4-8 13:00:42-debug: lazy register asset handler gltf-material
2026-4-8 13:00:42-debug: lazy register asset handler gltf-scene
2026-4-8 13:00:42-debug: lazy register asset handler gltf-embeded-image
2026-4-8 13:00:42-debug: lazy register asset handler fbx
2026-4-8 13:00:42-debug: lazy register asset handler material
2026-4-8 13:00:42-debug: lazy register asset handler physics-material
2026-4-8 13:00:42-debug: lazy register asset handler effect
2026-4-8 13:00:42-debug: lazy register asset handler effect-header
2026-4-8 13:00:42-debug: lazy register asset handler audio-clip
2026-4-8 13:00:42-debug: lazy register asset handler animation-clip
2026-4-8 13:00:42-debug: lazy register asset handler animation-graph
2026-4-8 13:00:42-debug: lazy register asset handler animation-graph-variant
2026-4-8 13:00:42-debug: lazy register asset handler ttf-font
2026-4-8 13:00:42-debug: lazy register asset handler animation-mask
2026-4-8 13:00:42-debug: lazy register asset handler bitmap-font
2026-4-8 13:00:42-debug: lazy register asset handler particle
2026-4-8 13:00:42-debug: lazy register asset handler sprite-atlas
2026-4-8 13:00:42-debug: lazy register asset handler auto-atlas
2026-4-8 13:00:42-debug: lazy register asset handler label-atlas
2026-4-8 13:00:42-debug: lazy register asset handler render-pipeline
2026-4-8 13:00:42-debug: lazy register asset handler render-stage
2026-4-8 13:00:42-debug: lazy register asset handler instantiation-material
2026-4-8 13:00:42-debug: lazy register asset handler render-flow
2026-4-8 13:00:42-debug: lazy register asset handler instantiation-skeleton
2026-4-8 13:00:42-debug: lazy register asset handler instantiation-mesh
2026-4-8 13:00:42-debug: lazy register asset handler video-clip
2026-4-8 13:00:42-debug: lazy register asset handler instantiation-animation
2026-4-8 13:00:43-debug: asset-db:worker-effect-data-processing (296ms)
2026-4-8 13:00:43-debug: asset-db:start-database (1612ms)
2026-4-8 13:00:43-debug: asset-db:ready (8360ms)
2026-4-8 13:00:43-debug: asset-db-hook-engine-extends-afterStartDB (297ms)
2026-4-8 13:00:43-debug: init worker message success
2026-4-8 13:00:43-debug: programming:execute-script (1ms)
2026-4-8 13:00:43-debug: [Build Memory track]: builder:worker-init start:224.03MB, end 229.83MB, increase: 5.80MB
2026-4-8 13:00:43-debug: builder:worker-init (336ms)
