2026-4-8 12:31:04 - log: Load engine in D:\cocos_editor\Creator\3.8.8\resources\resources\3d\engine
2026-4-8 12:31:04 - log: Register native engine in D:\cocos_editor\Creator\3.8.8\resources\resources\3d\engine\native
2026-4-8 12:31:05 - log: Request namespace: device-list
2026-4-8 12:31:29 - log: [Scene] meshopt wasm decoder initialized
2026-4-8 12:31:29 - log: [Scene] [bullet]:bullet wasm lib loaded.
2026-4-8 12:31:29 - log: [Scene] [box2d]:box2d wasm lib loaded.
2026-4-8 12:31:29 - log: [Scene] [PHYSICS]: using builtin.
2026-4-8 12:31:29 - log: [Scene] Cocos Creator v3.8.8
2026-4-8 12:31:29 - log: [Scene] Using custom pipeline: Builtin
2026-4-8 12:31:29 - log: [Scene] [PHYSICS2D]: switch from builtin to box2d.
2026-4-8 12:33:15 - warn: process is killed by user
2026-4-8 12:33:20 - warn: [Scene] You are trying to destroy a object twice or more.Error: [Scene] You are trying to destroy a object twice or more.
    at console.warn (D:\cocos_editor\Creator\3.8.8\resources\app.asar\node_modules\@sentry\core\src\utils-hoist\instrument\console.ts:40:14)
    at warn (D:\cocos_editor\Creator\3.8.8\resources\resources\3d\engine\bin\.cache\dev\editor\bundled\index.js:162864:12)
    at warnID (D:\cocos_editor\Creator\3.8.8\resources\resources\3d\engine\bin\.cache\dev\editor\bundled\index.js:163052:5)
    at Node.destroy (D:\cocos_editor\Creator\3.8.8\resources\resources\3d\engine\bin\.cache\dev\editor\bundled\index.js:145706:13)
    at Node.destroy (D:\cocos_editor\Creator\3.8.8\resources\resources\3d\engine\bin\.cache\dev\editor\bundled\index.js:58015:21)
    at MiniPreview.clearByComponent (D:\cocos_editor\Creator\3.8.8\resources\app.asar\builtin\scene\dist\script\3d\manager\mini-preview\index.ccc:1:3685)
    at MiniPreview.removePreviewNode (D:\cocos_editor\Creator\3.8.8\resources\app.asar\builtin\scene\dist\script\3d\manager\mini-preview\index.ccc:1:3990)
    at MiniPreview.handleUnselect (D:\cocos_editor\Creator\3.8.8\resources\app.asar\builtin\scene\dist\script\3d\manager\mini-preview\index.ccc:1:3382)
    at PreviewManager.callPreviewFunction (D:\cocos_editor\Creator\3.8.8\resources\app.asar\builtin\scene\dist\script\3d\manager\preview\index.ccc:1:3351)
    at SceneFacadeManager.callPreviewFunction (D:\cocos_editor\Creator\3.8.8\resources\app.asar\builtin\scene\dist\script\3d\facade\scene-facade-manager.ccc:1:29271)
    at step (D:\cocos_editor\Creator\3.8.8\resources\app.asar\builtin\scene\dist\script\3d\manager\ipc\web\ipc.ccc:1:733)
    at D:\cocos_editor\Creator\3.8.8\resources\app.asar\builtin\scene\dist\script\3d\manager\ipc\web\ipc.ccc:2:377
    at new Promise (<anonymous>)
    at D:\cocos_editor\Creator\3.8.8\resources\app.asar\builtin\scene\dist\script\3d\manager\ipc\web\ipc.ccc:2:314
    at IpcRenderer.<anonymous> (D:\cocos_editor\Creator\3.8.8\resources\app.asar\builtin\scene\dist\script\3d\manager\ipc\web\webview.ccc:1:973)
    at IpcRenderer.emit (node:events:519:28)
    at Object.onMessage (node:electron/js2c/renderer_init:2:8837)
